1 int
1 main
1 (
1 )
1 {
2 int
2 Identifier
2 ;
3 int
3 Identifier
3 [
3 Num
3 ]
3 ;
4 bool
4 Identifier
4 ;
6 for
6 (
6 Identifier
6 =
6 Num
6 ;
6 Identifier
6 <
6 Num
6 ;
6 Identifier
6 ++
6 )
6 {
7 int
7 Identifier
7 ;
8 Identifier
8 =
8 Identifier
8 +
8 Num
8 *
8 (
8 Num
8 -
8 Identifier
8 )
8 ;
9 Identifier
9 [
9 Identifier
9 ]
9 =
9 Identifier
9 ;
10 }
12 Identifier
12 =
12 true
12 ;
13 while
13 (
13 Identifier
13 )
13 {
14 Identifier
14 [
14 Num
14 ]
14 =
14 Identifier
14 [
14 Num
14 ]
14 ;
15 Identifier
15 [
15 Num
15 ]
15 =
15 Identifier
15 [
15 Num
15 ]
15 ;
16 }
19 if
19 (
19 Identifier
19 [
19 Num
19 ]
19 >
19 Num
19 &&
19 Identifier
19 [
19 Num
19 ]
19 <
19 Num
19 )
20 Identifier
20 [
20 Num
20 ]
20 ++
20 ;
21 else
21 {
22 Identifier
22 [
22 Num
22 ]
22 --
22 ;
23 Identifier
23 [
23 Num
23 ]
23 ++
23 ;
24 }
26 return
26 Num
26 ;
27 }
