311 else r51
311 bool r51
311 } r51
311 if r51
311 while r51
311 Identifier r51
311 -- r51
311 int r51
311 ++ r51
311 for r51
311 { r51
308 int r51
308 ++ r51
308 else r51
308 bool r51
308 while r51
308 Identifier r51
308 -- r51
308 for r51
308 { r51
308 if r51
308 return r51
309 bool s22
309 Identifier s25
309 -- s24
309 int s21
309 ++ s23
309 if s213
309 while s215
309 { s217
309 for s216
310 else r48
310 bool r48
310 } r48
310 if r48
310 while r48
310 Identifier r48
310 -- r48
310 int r48
310 ++ r48
310 for r48
310 { r48
304 bool s22
304 Identifier s25
304 -- s24
304 int s21
304 ++ s23
304 if s213
304 while s215
304 { s217
304 for s216
305 if r60
305 while r60
305 bool r60
305 Identifier r60
305 -- r60
305 int r60
305 ++ r60
305 { r60
305 for r60
306 int r48
306 ++ r48
306 else r48
306 bool r48
306 while r48
306 Identifier r48
306 -- r48
306 for r48
306 { r48
306 if r48
306 return r48
307 bool s22
307 Identifier s25
307 -- s24
307 int s21
307 ++ s23
307 if s194
307 while s196
307 { s198
307 for s197
300 if r60
300 while r60
300 bool r60
300 Identifier r60
300 -- r60
300 int r60
300 ++ r60
300 { r60
300 for r60
301 bool s22
301 Identifier s25
301 -- s24
301 int s21
301 ++ s23
301 if s194
301 while s196
301 { s198
301 for s197
302 ) s305
303 if r60
303 while r60
303 bool r60
303 Identifier r60
303 -- r60
303 int r60
303 ++ r60
303 { r60
303 for r60
295 else s303
296 else r50
296 bool r50
296 } r50
296 if r50
296 while r50
296 Identifier r50
296 -- r50
296 int r50
296 ++ r50
296 for r50
296 { r50
297 Identifier s25
297 ++ s23
297 -- s24
297 ) r53
298 if r60
298 while r60
298 bool r60
298 Identifier r60
298 -- r60
298 int r60
298 ++ r60
298 { r60
298 for r60
299 ) s300
286 Identifier s25
286 ++ s23
286 -- s24
286 ) r53
287 int r50
287 ++ r50
287 else r50
287 bool r50
287 while r50
287 Identifier r50
287 -- r50
287 for r50
287 { r50
287 if r50
287 return r50
288 else s298
289 ) r58
290 ) r57
291 ; s297
292 bool s22
292 Identifier s25
292 -- s24
292 int s21
292 ++ s23
292 if s213
292 while s215
292 { s217
292 for s216
293 -- r47
293 while r47
293 Identifier r47
293 bool r47
293 else r61
293 } r47
293 if r47
293 int r47
293 ++ r47
293 for r47
293 { r47
294 while r51
294 bool r51
294 int r51
294 ++ r51
294 Identifier r51
294 -- r51
294 } r51
294 if r51
294 { r51
294 for r51
275 bool s22
275 Identifier s25
275 -- s24
275 int s21
275 ++ s23
275 if s37
275 while s39
275 { s41
275 for s40
276 bool s22
276 Identifier s25
276 -- s24
276 int s21
276 ++ s23
276 if s213
276 while s215
276 { s217
276 for s216
277 if r60
277 while r60
277 bool r60
277 Identifier r60
277 -- r60
277 int r60
277 ++ r60
277 { r60
277 for r60
278 true s53
278 ; r55
278 false s54
278 ( s58
278 Identifier s55
278 Num s56
278 ! s59
279 while r48
279 bool r48
279 int r48
279 ++ r48
279 Identifier r48
279 -- r48
279 } r48
279 if r48
279 { r48
279 for r48
280 if r51
280 while r51
280 bool r51
280 int r51
280 ++ r51
280 return r51
280 Identifier r51
280 -- r51
280 { r51
280 for r51
281 ] s290
282 ] s289
283 return r47
283 while r47
283 Identifier r47
283 -- r47
283 bool r47
283 else r61
283 int r47
283 ++ r47
283 for r47
283 { r47
283 if r47
284 bool s22
284 Identifier s25
284 -- s24
284 int s21
284 ++ s23
284 if s194
284 while s196
284 { s198
284 for s197
285 ; s286
263 true s53
263 ; r55
263 false s54
263 ( s58
263 Identifier s55
263 Num s56
263 ! s59
264 if r60
264 while r60
264 bool r60
264 Identifier r60
264 -- r60
264 int r60
264 ++ r60
264 { r60
264 for r60
265 bool s22
265 Identifier s25
265 -- s24
265 int s21
265 ++ s23
265 if s194
265 while s196
265 { s198
265 for s197
266 ) r62
266 || s125
267 Identifier s282
267 Num s281
268 bool s22
268 Identifier s25
268 -- s24
268 int s21
268 ++ s23
268 if s12
268 while s14
268 { s16
268 for s15
269 bool s22
269 Identifier s25
269 -- s24
269 int s21
269 ++ s23
269 if s37
269 while s39
269 { s41
269 for s40
270 Num r60
270 Identifier r60
270 ; r60
270 true r60
270 ! r60
270 false r60
270 ( r60
271 ) s277
271 || s125
272 if r60
272 while r60
272 bool r60
272 Identifier r60
272 -- r60
272 int r60
272 ++ r60
272 { r60
272 for r60
273 if r60
273 while r60
273 bool r60
273 Identifier r60
273 -- r60
273 int r60
273 ++ r60
273 { r60
273 for r60
274 if r48
274 while r48
274 bool r48
274 int r48
274 ++ r48
274 return r48
274 Identifier r48
274 -- r48
274 { r48
274 for r48
245 bool s22
245 Identifier s25
245 -- s24
245 int s21
245 ++ s23
245 if s12
245 while s14
245 { s16
245 for s15
246 ) s273
247 ) s272
247 || s125
248 ! s77
248 true s71
248 ( s76
248 false s72
248 Identifier s73
248 Num s74
249 ; s270
250 else r56
250 bool r56
250 } r56
250 if r56
250 while r56
250 Identifier r56
250 -- r56
250 int r56
250 ++ r56
250 for r56
250 { r56
251 if r5
251 } r5
251 { r5
251 for r5
251 -- r5
251 ++ r5
251 int r5
251 else r5
251 bool r5
251 Identifier r5
251 while r5
252 if r60
252 while r60
252 bool r60
252 Identifier r60
252 -- r60
252 int r60
252 ++ r60
252 { r60
252 for r60
253 if r60
253 while r60
253 bool r60
253 Identifier r60
253 -- r60
253 int r60
253 ++ r60
253 { r60
253 for r60
254 [ s267
254 ) r59
255 ) r64
256 ) r31
257 ) r32
258 ) r63
259 ! s77
259 true s71
259 ( s76
259 false s72
259 Identifier s73
259 Num s74
260 if r60
260 while r60
260 bool r60
260 Identifier r60
260 -- r60
260 int r60
260 ++ r60
260 { r60
260 for r60
261 ) s264
261 || s125
262 Num r60
262 Identifier r60
262 ; r60
262 true r60
262 ! r60
262 false r60
262 ( r60
226 ; s262
227 ! s77
227 true s71
227 ( s76
227 false s72
227 Identifier s73
227 Num s74
228 ) s260
228 || s125
229 ) r52
230 = s259
230 -- s257
230 ++ s256
231 Identifier s254
232 ) s253
233 else s252
234 ; s251
235 } s250
235 if r60
235 while r60
235 bool r60
235 Identifier r60
235 -- r60
235 int r60
235 ++ r60
235 { r60
235 for r60
236 -- s24
236 ++ s23
236 Identifier s25
236 ; r66
237 ( s248
238 ! s77
238 true s71
238 ( s76
238 false s72
238 Identifier s73
238 Num s74
239 else r49
239 bool r49
239 } r49
239 if r49
239 while r49
239 Identifier r49
239 -- r49
239 int r49
239 ++ r49
239 for r49
239 { r49
240 while r50
240 bool r50
240 int r50
240 ++ r50
240 Identifier r50
240 -- r50
240 } r50
240 if r50
240 { r50
240 for r50
241 Identifier s25
241 ++ s23
241 -- s24
241 ) r53
242 int r56
242 ++ r56
242 else r56
242 bool r56
242 while r56
242 Identifier r56
242 -- r56
242 for r56
242 { r56
242 if r56
242 return r56
243 -- r5
243 { r5
243 for r5
243 return r5
243 if r5
243 ++ r5
243 int r5
243 else r5
243 bool r5
243 Identifier r5
243 while r5
244 if r60
244 while r60
244 bool r60
244 Identifier r60
244 -- r60
244 int r60
244 ++ r60
244 { r60
244 for r60
207 else s244
208 ; s243
209 } s242
209 if r60
209 while r60
209 bool r60
209 Identifier r60
209 -- r60
209 int r60
209 ++ r60
209 { r60
209 for r60
210 ; s241
211 bool s22
211 Identifier s25
211 -- s24
211 int s21
211 ++ s23
211 if s37
211 while s39
211 { s41
211 for s40
212 ; s239
213 ( s238
214 else r46
214 bool r46
214 } r46
214 if r46
214 while r46
214 Identifier r46
214 -- r46
214 int r46
214 ++ r46
214 for r46
214 { r46
215 ( r60
216 ( s236
217 { s41
217 for s40
217 while s39
217 if s37
217 bool s22
217 -- s24
217 Identifier s25
217 ++ s23
217 int s21
218 Identifier s42
219 if r47
219 } r47
219 { r47
219 for r47
219 -- r47
219 ++ r47
219 int r47
219 else r61
219 bool r47
219 Identifier r47
219 while r47
220 Identifier s25
220 ++ s23
220 -- s24
220 ) r53
221 if r50
221 while r50
221 bool r50
221 int r50
221 ++ r50
221 return r50
221 Identifier r50
221 -- r50
221 { r50
221 for r50
222 int r49
222 ++ r49
222 else r49
222 bool r49
222 while r49
222 Identifier r49
222 -- r49
222 for r49
222 { r49
222 if r49
222 return r49
223 ! s77
223 true s71
223 ( s76
223 false s72
223 Identifier s73
223 Num s74
224 ( s227
225 -- s24
225 ++ s23
225 Identifier s25
225 ; r66
197 ( s225
196 ( r60
195 int r46
195 ++ r46
195 else r46
195 bool r46
195 while r46
195 Identifier r46
195 -- r46
195 for r46
195 { r46
195 if r46
195 return r46
194 ( s223
193 ; s222
192 && r18
192 ) r18
192 < s111
192 || r18
192 > s110
192 != s108
192 == s109
192 <= s106
192 >= s107
191 != r8
191 <= r8
191 - r8
191 % r8
191 < r8
191 || r8
191 > r8
191 >= r8
191 / r8
191 * r8
191 == r8
191 + r8
191 && r8
191 ) r8
190 != r9
190 <= r9
190 - r9
190 % r9
190 < r9
190 || r9
190 > r9
190 >= r9
190 / r9
190 * r9
190 == r9
190 + r9
190 && r9
190 ) r9
189 != r26
189 <= r26
189 - r26
189 * r26
189 >= r26
189 / r26
189 % r26
189 < r26
189 || r26
189 > r26
189 == r26
189 + r26
189 && r26
189 ) r26
50 Identifier s153
50 Num s152
51 ; r13
51 || s150
52 ; r17
52 || r17
52 && s148
53 != r11
53 <= r11
53 - r11
53 % r11
53 > r11
53 >= r11
53 / r11
53 + r11
53 == r11
53 && r11
53 * r11
53 ; r11
53 || r11
53 < r11
54 != r12
54 <= r12
54 - r12
54 % r12
54 > r12
54 >= r12
54 / r12
54 + r12
54 == r12
54 && r12
54 * r12
54 ; r12
54 || r12
54 < r12
55 != r10
55 <= r10
55 [ s147
55 - r10
55 % r10
55 > r10
55 >= r10
55 / r10
55 + r10
55 == r10
55 && r10
55 * r10
55 ; r10
55 || r10
55 < r10
56 != r29
56 - r29
56 <= r29
56 >= r29
56 / r29
56 % r29
56 < r29
56 || r29
56 > r29
56 == r29
56 + r29
56 && r29
56 * r29
56 ; r29
57 != r28
57 - r28
57 <= r28
57 >= r28
57 / r28
57 % r28
57 < r28
57 || r28
57 > r28
57 == r28
57 + r28
57 && r28
57 * r28
57 ; r28
58 ! s77
58 true s71
58 ( s76
58 false s72
58 Identifier s73
58 Num s74
59 ( s145
60 != r30
60 - r30
60 <= r30
60 >= r30
60 / r30
60 % r30
60 < r30
60 || r30
60 > r30
60 == r30
60 + r30
60 && r30
60 * r30
60 ; r30
61 - r23
61 % s143
61 > r23
61 + r23
61 && r23
61 == r23
61 / s142
61 >= r23
61 <= r23
61 != r23
61 * s141
61 ; r23
61 || r23
61 < r23
62 % r25
62 > r25
62 / r25
62 >= r25
62 <= r25
62 - r25
62 != r25
62 * r25
62 ; r25
62 || r25
62 < r25
62 + r25
62 == r25
62 && r25
63 != r21
63 ; r21
63 - s139
63 >= r21
63 <= r21
63 || r21
63 < r21
63 > r21
63 + s138
63 == r21
63 && r21
64 && r19
64 < s136
64 || r19
64 > s135
64 ; r19
64 != s133
64 == s134
64 <= s131
64 >= s132
65 ] s130
66 ] s129
67 if r6
67 while r6
67 bool r6
67 int r6
67 ++ r6
67 return r6
67 Identifier r6
67 -- r6
67 { r6
67 for r6
68 ; s128
69 ) s126
69 || s125
70 ) r17
70 || r17
70 && s123
71 != r11
71 <= r11
71 - r11
71 % r11
71 < r11
71 || r11
71 > r11
71 >= r11
71 / r11
71 * r11
71 == r11
71 + r11
71 && r11
71 ) r11
72 != r12
72 <= r12
72 - r12
72 % r12
72 < r12
72 || r12
72 > r12
72 >= r12
72 / r12
72 * r12
72 == r12
72 + r12
72 && r12
72 ) r12
73 != r10
73 <= r10
73 [ s122
73 - r10
73 % r10
73 < r10
73 || r10
73 > r10
73 >= r10
73 / r10
73 * r10
73 == r10
73 + r10
73 && r10
73 ) r10
74 != r29
74 <= r29
74 - r29
74 * r29
74 >= r29
74 / r29
74 % r29
74 < r29
74 || r29
74 > r29
74 == r29
74 + r29
74 && r29
74 ) r29
75 != r28
75 <= r28
75 - r28
75 * r28
75 >= r28
75 / r28
75 % r28
75 < r28
75 || r28
75 > r28
75 == r28
75 + r28
75 && r28
75 ) r28
76 ! s77
76 true s71
76 ( s76
76 false s72
76 Identifier s73
76 Num s74
77 ( s120
78 != r30
78 <= r30
78 - r30
78 * r30
78 >= r30
78 / r30
78 % r30
78 < r30
78 || r30
78 > r30
78 == r30
78 + r30
78 && r30
78 ) r30
79 - r23
79 != r23
79 % s118
79 > r23
79 * s116
79 + r23
79 && r23
79 == r23
79 || r23
79 < r23
79 <= r23
79 / s117
79 >= r23
79 ) r23
80 * r25
80 % r25
80 / r25
80 >= r25
80 <= r25
80 - r25
80 != r25
80 > r25
80 < r25
80 || r25
80 ) r25
80 + r25
80 && r25
80 == r25
81 != r21
81 - s114
81 >= r21
81 <= r21
81 || r21
81 < r21
81 > r21
81 ) r21
81 + s113
81 == r21
81 && r21
82 && r19
82 ) r19
82 < s111
82 || r19
82 > s110
82 != s108
82 == s109
82 <= s106
82 >= s107
83 ! s77
83 true s71
83 ( s76
83 false s72
83 Identifier s73
83 Num s74
84 ; r65
85 ; s104
86 if r56
86 while r56
86 bool r56
86 int r56
86 ++ r56
86 return r56
86 Identifier r56
86 -- r56
86 { r56
86 for r56
87 bool s22
87 Identifier s25
87 -- s24
87 int s21
87 ++ s23
87 if s37
87 while s39
87 { s41
87 for s40
88 ; s102
89 while r49
89 bool r49
89 int r49
89 ++ r49
89 Identifier r49
89 -- r49
89 } r49
89 if r49
89 { r49
89 for r49
90 ! s77
90 true s71
90 ( s76
90 false s72
90 Identifier s73
90 Num s74
91 ( s100
92 -- s24
92 ++ s23
92 Identifier s25
92 ; r66
93 } s98
93 if r60
93 while r60
93 bool r60
93 Identifier r60
93 -- r60
93 int r60
93 ++ r60
93 { r60
93 for r60
94 Identifier s97
94 Num s96
95 while r5
95 bool r5
95 int r5
95 ++ r5
95 return r5
95 for r5
95 { r5
95 Identifier r5
95 -- r5
95 if r5
45 ; r32
44 ; r31
43 ; s95
42 [ s94
42 ; r10
17 if r7
17 while r7
17 bool r7
17 int r7
17 ++ r7
17 return r7
17 Identifier r7
17 -- r7
17 { r7
17 for r7
16 { s41
16 for s40
16 while s39
16 if s37
16 bool s22
16 -- s24
16 Identifier s25
16 ++ s23
16 int s21
15 ( s32
14 ( r60
13 if r46
13 while r46
13 bool r46
13 int r46
13 ++ r46
13 return r46
13 Identifier r46
13 -- r46
13 { r46
13 for r46
12 ( s30
11 ; s29
10 return s28
10 if r60
10 while r60
10 bool r60
10 Identifier r60
10 -- r60
10 int r60
10 ++ r60
10 { r60
10 for r60
22 Identifier r3
25 ++ r59
25 [ s26
25 -- r59
25 = r59
2 main r2
201 ) r16
201 || r16
201 && s123
49 ; r15
24 Identifier r32
1 main s5
200 if r47
200 -- r47
200 { r47
200 for r47
200 return r47
200 ++ r47
200 int r47
200 else r61
200 bool r47
200 Identifier r47
200 while r47
48 [ s50
48 ; r59
4 # acc
203 != r9
203 <= r9
203 - r9
203 % r9
203 > r9
203 >= r9
203 / r9
203 + r9
203 == r9
203 && r9
203 * r9
203 ; r9
203 || r9
203 < r9
23 Identifier r31
0 bool s3
0 int s2
199 Identifier s42
47 ! s59
47 true s53
47 ( s58
47 false s54
47 Identifier s55
47 Num s56
3 main r3
202 != r26
202 - r26
202 <= r26
202 >= r26
202 / r26
202 % r26
202 < r26
202 || r26
202 > r26
202 == r26
202 + r26
202 && r26
202 * r26
202 ; r26
5 ( s6
204 != r8
204 <= r8
204 - r8
204 % r8
204 > r8
204 >= r8
204 / r8
204 + r8
204 == r8
204 && r8
204 * r8
204 ; r8
204 || r8
204 < r8
6 ) s7
205 && r18
205 < s111
205 || r18
205 > s110
205 ; r18
205 != s108
205 == s109
205 <= s106
205 >= s107
7 { s8
206 ; r16
206 || r16
206 && s123
9 # r1
8 Identifier s25
8 -- s24
8 bool s22
8 ++ s23
8 int s21
8 if s12
8 while s14
8 { s16
8 for s15
18 Identifier s42
19 = s47
19 -- s45
19 ++ s44
20 Identifier s48
21 Identifier r2
46 ; r14
26 Identifier s66
26 Num s65
27 bool s22
27 Identifier s25
27 -- s24
27 int s21
27 ++ s23
27 if s12
27 while s14
27 { s16
27 for s15
28 Num s68
29 if r49
29 while r49
29 bool r49
29 int r49
29 ++ r49
29 return r49
29 Identifier r49
29 -- r49
29 { r49
29 for r49
30 ! s77
30 true s71
30 ( s76
30 false s72
30 Identifier s73
30 Num s74
31 ( s83
32 -- s24
32 ++ s23
32 Identifier s25
32 ; r66
33 } s86
33 if r60
33 while r60
33 bool r60
33 Identifier r60
33 -- r60
33 int r60
33 ++ r60
33 { r60
33 for r60
34 } r7
34 if r7
34 { r7
34 for r7
34 -- r7
34 Identifier r7
34 while r7
34 bool r7
34 ++ r7
34 int r7
35 Identifier s42
36 ; s89
37 ( s90
38 while r46
38 bool r46
38 int r46
38 ++ r46
38 Identifier r46
38 -- r46
38 } r46
38 if r46
38 { r46
38 for r46
39 ( r60
40 ( s92
41 { s41
41 for s40
41 while s39
41 if s37
41 bool s22
41 -- s24
41 Identifier s25
41 ++ s23
41 int s21
153 ] s154
152 ] s155
151 true r60
151 Num r60
151 Identifier r60
151 false r60
151 ( r60
151 ! r60
150 true r33
150 Num r33
150 Identifier r33
150 false r33
150 ( r33
150 ! r33
149 ! r60
149 true r60
149 false r60
149 ( r60
149 Num r60
149 Identifier r60
148 ! r34
148 true r34
148 false r34
148 ( r34
148 Num r34
148 Identifier r34
147 Identifier s159
147 Num s158
146 ) s160
146 || s150
145 ! s77
145 true s71
145 ( s76
145 false s72
145 Identifier s73
145 Num s74
144 Identifier s55
144 Num s56
144 false s54
144 ( s58
144 ! s59
144 true s53
143 Num r39
143 Identifier r39
143 true r39
143 ! r39
143 false r39
143 ( r39
142 Num r38
142 Identifier r38
142 true r38
142 ! r38
142 false r38
142 ( r38
141 Num r37
141 Identifier r37
141 true r37
141 ! r37
141 false r37
141 ( r37
140 ! s59
140 true s53
140 ( s58
140 false s54
140 Identifier s55
140 Num s56
139 ! r36
139 Num r36
139 Identifier r36
139 false r36
139 ( r36
139 true r36
138 ! r35
138 Num r35
138 Identifier r35
138 false r35
138 ( r35
138 true r35
137 Identifier s55
137 Num s56
137 false s54
137 ( s58
137 ! s59
137 true s53
136 ! r45
136 true r45
136 ( r45
136 false r45
136 Identifier r45
136 Num r45
135 ! r44
135 true r44
135 ( r44
135 false r44
135 Identifier r44
135 Num r44
134 ! r40
134 true r40
134 ( r40
134 false r40
134 Identifier r40
134 Num r40
133 ! r41
133 true r41
133 ( r41
133 false r41
133 Identifier r41
133 Num r41
132 ! r42
132 true r42
132 ( r42
132 false r42
132 Identifier r42
132 Num r42
131 ! r43
131 true r43
131 ( r43
131 false r43
131 Identifier r43
131 Num r43
130 ++ r57
130 -- r57
130 = r57
129 ++ r58
129 -- r58
129 = r58
128 } s165
127 true r60
127 Num r60
127 Identifier r60
127 false r60
127 ( r60
127 ! r60
126 if r60
126 while r60
126 bool r60
126 Identifier r60
126 -- r60
126 int r60
126 ++ r60
126 { r60
126 for r60
125 true r33
125 Num r33
125 Identifier r33
125 false r33
125 ( r33
125 ! r33
124 ! r60
124 true r60
124 false r60
124 ( r60
124 Num r60
124 Identifier r60
123 ! r34
123 true r34
123 false r34
123 ( r34
123 Num r34
123 Identifier r34
122 Identifier s170
122 Num s169
121 ) s171
121 || s150
120 ! s77
120 true s71
120 ( s76
120 false s72
120 Identifier s73
120 Num s74
119 Identifier s73
119 Num s74
119 false s72
119 ( s76
119 ! s77
119 true s71
118 Num r39
118 Identifier r39
118 true r39
118 ! r39
118 false r39
118 ( r39
117 Num r38
117 Identifier r38
117 true r38
117 ! r38
117 false r38
117 ( r38
116 Num r37
116 Identifier r37
116 true r37
116 ! r37
116 false r37
116 ( r37
115 ! s77
115 true s71
115 ( s76
115 false s72
115 Identifier s73
115 Num s74
114 ! r36
114 Num r36
114 Identifier r36
114 false r36
114 ( r36
114 true r36
113 ! r35
113 Num r35
113 Identifier r35
113 false r35
113 ( r35
113 true r35
112 Identifier s73
112 Num s74
112 false s72
112 ( s76
112 ! s77
112 true s71
111 ! r45
111 true r45
111 ( r45
111 false r45
111 Identifier r45
111 Num r45
110 ! r44
110 true r44
110 ( r44
110 false r44
110 Identifier r44
110 Num r44
109 ! r40
109 true r40
109 ( r40
109 false r40
109 Identifier r40
109 Num r40
108 ! r41
108 true r41
108 ( r41
108 false r41
108 Identifier r41
108 Num r41
107 ! r42
107 true r42
107 ( r42
107 false r42
107 Identifier r42
107 Num r42
106 ! r43
106 true r43
106 ( r43
106 false r43
106 Identifier r43
106 Num r43
105 ) s176
105 || s150
104 Num r60
104 Identifier r60
104 ; r60
104 true r60
104 ! r60
104 false r60
104 ( r60
103 } r6
103 if r6
103 { r6
103 for r6
103 -- r6
103 Identifier r6
103 while r6
103 bool r6
103 ++ r6
103 int r6
102 while r5
102 bool r5
102 int r5
102 ++ r5
102 Identifier r5
102 -- r5
102 } r5
102 if r5
102 { r5
102 for r5
101 ) s178
101 || s150
100 ! s77
100 true s71
100 ( s76
100 false s72
100 Identifier s73
100 Num s74
99 ; s180
98 while r56
98 bool r56
98 int r56
98 ++ r56
98 Identifier r56
98 -- r56
98 } r56
98 if r56
98 { r56
98 for r56
97 ] s181
96 ] s182
182 ; r8
181 ; r9
180 Num r60
180 Identifier r60
180 ; r60
180 true r60
180 ! r60
180 false r60
180 ( r60
179 ) s184
179 || s150
178 if r60
178 while r60
178 bool r60
178 Identifier r60
178 -- r60
178 int r60
178 ++ r60
178 { r60
178 for r60
177 Identifier s55
177 Num s56
177 false s54
177 ( s58
177 ! s59
177 ; r55
177 true s53
176 if r60
176 while r60
176 bool r60
176 Identifier r60
176 -- r60
176 int r60
176 ++ r60
176 { r60
176 for r60
175 != r20
175 - s139
175 >= r20
175 <= r20
175 || r20
175 < r20
175 > r20
175 ) r20
175 + s138
175 == r20
175 && r20
174 - r22
174 != r22
174 % s143
174 > r22
174 * s141
174 + r22
174 && r22
174 == r22
174 || r22
174 < r22
174 <= r22
174 / s142
174 >= r22
174 ) r22
173 * r24
173 % r24
173 / r24
173 >= r24
173 <= r24
173 - r24
173 != r24
173 > r24
173 < r24
173 || r24
173 ) r24
173 + r24
173 && r24
173 == r24
172 ) s189
172 || s150
171 != r27
171 <= r27
171 - r27
171 * r27
171 >= r27
171 / r27
171 % r27
171 < r27
171 || r27
171 > r27
171 == r27
171 + r27
171 && r27
171 ) r27
170 ] s190
169 ] s191
168 ! s77
168 true s71
168 ( s76
168 false s72
168 Identifier s73
168 Num s74
167 bool s22
167 Identifier s25
167 -- s24
167 int s21
167 ++ s23
167 if s194
167 while s196
167 { s198
167 for s197
166 Identifier s73
166 Num s74
166 false s72
166 ( s76
166 ! s77
166 true s71
165 # r4
164 != r20
164 ; r20
164 - s139
164 >= r20
164 <= r20
164 || r20
164 < r20
164 > r20
164 + s138
164 == r20
164 && r20
163 - r22
163 % s143
163 > r22
163 + r22
163 && r22
163 == r22
163 / s142
163 >= r22
163 <= r22
163 != r22
163 * s141
163 ; r22
163 || r22
163 < r22
162 % r24
162 > r24
162 / r24
162 >= r24
162 <= r24
162 - r24
162 != r24
162 * r24
162 ; r24
162 || r24
162 < r24
162 + r24
162 == r24
162 && r24
161 ) s202
161 || s150
160 != r27
160 - r27
160 <= r27
160 >= r27
160 / r27
160 % r27
160 < r27
160 || r27
160 > r27
160 == r27
160 + r27
160 && r27
160 * r27
160 ; r27
159 ] s203
158 ] s204
157 ! s59
157 true s53
157 ( s58
157 false s54
157 Identifier s55
157 Num s56
156 Identifier s55
156 Num s56
156 false s54
156 ( s58
156 ! s59
156 true s53
155 ; r57
154 ; r58
198 { s41
198 for s40
198 while s39
198 if s37
198 bool s22
198 -- s24
198 Identifier s25
198 ++ s23
198 int s21
183 true s53
183 ; r55
183 false s54
183 ( s58
183 Identifier s55
183 Num s56
183 ! s59
184 if r60
184 while r60
184 bool r60
184 Identifier r60
184 -- r60
184 int r60
184 ++ r60
184 { r60
184 for r60
185 bool s22
185 Identifier s25
185 -- s24
185 int s21
185 ++ s23
185 if s213
185 while s215
185 { s217
185 for s216
186 ; s220
187 ; r54
187 || s125
188 bool s22
188 Identifier s25
188 -- s24
188 int s21
188 ++ s23
188 if s12
188 while s14
188 { s16
188 for s15
