362 Stmt 363
362 Array 19
362 Block 272
362 Assignment 268
360 Stmt 361
360 Array 19
360 Block 246
360 Assignment 242
356 Stmt 357
356 Array 19
356 Block 272
356 Assignment 268
345 Logic_op 191
349 Assignment 352
349 Array 303
334 Logic_op 191
336 Logic_op 151
338 Stmt 347
338 Array 19
338 Block 38
338 Assignment 34
341 Stmt 344
341 Array 19
341 Block 272
341 Assignment 268
342 Stmt 343
342 Array 19
342 Block 272
342 Assignment 268
316 Logic_op 151
318 Stmt 45
318 Array 19
318 Block 26
318 Assignment 22
322 Stmt 337
322 Array 19
322 Block 26
322 Assignment 22
326 Term 69
326 LExpr 70
326 HExpr 68
326 Factor 67
326 Unary_op 66
326 Bool 336
326 Rel 54
326 Array 55
326 Bool_value 61
328 Term 88
328 LExpr 89
328 HExpr 87
328 Factor 86
328 Unary_op 85
328 Bool 334
328 Rel 73
328 Array 74
328 Bool_value 80
329 Stmt 333
329 Array 19
329 Block 246
329 Assignment 242
330 Stmt 332
330 Array 19
330 Block 246
330 Assignment 242
300 Stmt 45
300 Array 19
300 Block 26
300 Assignment 22
305 Assignment 321
305 Array 303
307 Stmt 92
307 Array 19
307 Block 38
307 Assignment 34
221 Stmt 45
221 Array 19
221 Block 26
221 Assignment 22
95 Stmt 92
95 Array 19
95 Block 38
95 Assignment 34
93 Stmt 45
93 Array 19
93 Block 26
93 Assignment 22
89 LMath_op 218
86 Self_op 211
279 Decl 17
279 Block 26
279 Assignment 22
279 Stmts 300
279 Type 14
279 Array 19
279 Stmt 28
73 Judge_op 198
170 Term 69
170 LExpr 70
170 HExpr 68
170 Factor 67
170 Unary_op 66
170 Bool 258
170 Rel 54
170 Array 55
170 Bool_value 61
72 Logic_op 191
169 Logic_op 151
70 LMath_op 187
167 Bool_value 61
167 Term 69
167 Factor 67
167 LExpr 255
167 HExpr 68
167 Array 55
167 Unary_op 66
67 Self_op 180
261 HMath_op 138
355 Assignment 358
355 Array 303
156 Logic_op 151
247 Block 38
247 Assignment 34
247 Type 14
247 Array 19
247 Stmt 30
247 Stmts 278
247 Decls 279
247 Decl 11
96 Term 106
96 LExpr 104
96 HExpr 105
96 Factor 116
96 Unary_op 115
96 Bool 156
96 Rel 103
96 Array 108
96 Bool_value 110
297 Logic_op 151
98 Term 106
98 LExpr 104
98 HExpr 105
98 Factor 116
98 Unary_op 115
98 Bool 155
98 Rel 103
98 Array 108
98 Bool_value 110
215 Term 227
215 Unary_op 85
215 Array 74
215 Factor 86
215 Bool_value 80
94 Decl 17
94 Block 26
94 Assignment 22
94 Stmts 221
94 Type 14
94 Array 19
94 Stmt 28
191 Factor 86
191 Unary_op 85
191 Term 88
191 Rel 262
191 HExpr 87
191 LExpr 89
191 Array 74
191 Bool_value 80
0 Program 4
0 Type 1
68 HMath_op 184
262 Judge_op 198
115 Factor 132
115 Bool_value 128
115 Array 126
18 Stmt 45
18 Array 19
18 Block 26
18 Assignment 22
138 Term 237
138 Unary_op 66
138 Array 55
138 Factor 67
138 Bool_value 61
54 Judge_op 167
350 Stmt 351
350 Array 19
350 Block 246
350 Assignment 242
151 Factor 67
151 Unary_op 66
151 Term 69
151 Rel 240
151 HExpr 68
151 LExpr 70
151 Array 55
151 Bool_value 61
7 Block 9
201 Term 69
201 LExpr 70
201 HExpr 68
201 Factor 67
201 Unary_op 66
201 Bool 229
201 Rel 54
201 Array 55
201 Bool_value 61
303 Self_op 325
104 LMath_op 141
298 Logic_op 151
99 Assignment 154
99 Array 19
29 Stmt 92
29 Array 19
29 Block 38
29 Assignment 34
66 Factor 177
66 Bool_value 173
66 Array 171
218 Factor 86
218 Unary_op 85
218 HExpr 226
218 Term 88
218 Array 74
218 Bool_value 80
19 Self_op 49
315 Logic_op 151
116 Self_op 124
310 Assignment 317
310 Array 19
102 Logic_op 151
8 Decl 11
8 Type 14
8 Decls 10
105 HMath_op 138
31 Decl 17
31 Block 26
31 Assignment 22
31 Stmts 93
31 Type 14
31 Array 19
31 Stmt 28
14 Array 15
32 Block 38
32 Assignment 34
32 Type 14
32 Array 19
32 Decl 11
32 Decls 94
32 Stmts 95
32 Stmt 30
27 Block 38
27 Assignment 34
27 Type 14
27 Array 19
27 Stmt 30
27 Stmts 29
27 Decls 31
27 Decl 11
226 HMath_op 215
87 HMath_op 215
184 Term 260
184 Unary_op 66
184 Array 55
184 Factor 67
184 Bool_value 61
281 Assignment 299
281 Array 19
306 Stmt 320
306 Array 19
306 Block 38
306 Assignment 34
107 Term 106
107 LExpr 104
107 HExpr 105
107 Factor 116
107 Unary_op 115
107 Bool 134
107 Rel 103
107 Array 108
107 Bool_value 110
10 Stmt 28
10 Block 26
10 Decl 17
10 Stmts 18
10 Type 14
10 Array 19
10 Assignment 22
103 Judge_op 148
200 Logic_op 151
198 Bool_value 80
198 Term 88
198 Factor 86
198 LExpr 232
198 HExpr 87
198 Array 74
198 Unary_op 85
125 Term 69
125 LExpr 70
125 HExpr 68
125 Factor 67
125 Unary_op 66
125 Bool 233
125 Rel 54
125 Array 55
125 Bool_value 61
134 Logic_op 151
340 Term 88
340 LExpr 89
340 HExpr 87
340 Factor 86
340 Unary_op 85
340 Bool 345
340 Rel 73
340 Array 74
340 Bool_value 80
141 Factor 67
141 Unary_op 66
141 HExpr 238
141 Term 69
141 Array 55
141 Bool_value 61
238 HMath_op 138
148 Bool_value 61
148 Term 69
148 Factor 67
148 LExpr 239
148 HExpr 68
148 Array 55
148 Unary_op 66
152 Stmt 248
152 Array 19
152 Block 246
152 Assignment 242
50 Term 88
50 LExpr 89
50 HExpr 87
50 Factor 86
50 Unary_op 85
50 Bool 72
50 Rel 73
50 Array 74
50 Bool_value 80
249 Logic_op 191
153 Term 88
153 LExpr 89
153 HExpr 87
153 Factor 86
153 Unary_op 85
153 Bool 249
153 Rel 73
153 Array 74
153 Bool_value 80
250 Term 88
250 LExpr 89
250 HExpr 87
250 Factor 86
250 Unary_op 85
250 Bool 275
250 Rel 73
250 Array 74
250 Bool_value 80
155 Logic_op 151
53 Logic_op 160
252 Stmt 266
252 Array 19
252 Block 38
252 Assignment 34
159 Stmt 253
159 Array 19
159 Block 26
159 Assignment 22
160 Factor 67
160 Unary_op 66
160 Term 69
160 Rel 254
160 HExpr 68
160 LExpr 70
160 Array 55
160 Bool_value 61
187 Factor 67
187 Unary_op 66
187 HExpr 261
187 Term 69
187 Array 55
187 Bool_value 61
85 Factor 208
85 Bool_value 204
85 Array 202
284 Term 69
284 LExpr 70
284 HExpr 68
284 Factor 67
284 Unary_op 66
284 Bool 297
284 Rel 54
284 Array 55
284 Bool_value 61
59 Term 106
59 LExpr 104
59 HExpr 105
59 Factor 116
59 Unary_op 115
59 Bool 169
59 Rel 103
59 Array 108
59 Bool_value 110
258 Logic_op 151
255 LMath_op 141
254 Judge_op 148
52 Term 69
52 LExpr 70
52 HExpr 68
52 Factor 67
52 Unary_op 66
52 Bool 53
52 Rel 54
52 Array 55
52 Bool_value 61
251 Stmt 274
251 Array 19
251 Block 272
251 Assignment 268
41 Factor 116
41 Unary_op 115
41 Bool_value 110
41 Array 108
41 Term 106
41 Bool 102
41 Rel 103
41 LExpr 104
41 HExpr 105
240 Judge_op 148
40 Assignment 101
40 Array 19
239 LMath_op 141
233 Logic_op 151
232 LMath_op 218
229 Logic_op 151
282 Term 69
282 LExpr 70
282 HExpr 68
282 Factor 67
282 Unary_op 66
282 Bool 298
282 Rel 54
282 Array 55
282 Bool_value 61
278 Stmt 92
278 Array 19
278 Block 38
278 Assignment 34
78 Term 106
78 LExpr 104
78 HExpr 105
78 Factor 116
78 Unary_op 115
78 Bool 200
78 Rel 103
78 Array 108
78 Bool_value 110
277 Stmt 302
277 Array 19
277 Block 26
277 Assignment 22
276 Assignment 304
276 Array 303
275 Logic_op 191
273 Block 38
273 Assignment 34
273 Type 14
273 Array 19
273 Stmt 30
273 Stmts 307
273 Decls 308
273 Decl 11
313 Term 69
313 LExpr 70
313 HExpr 68
313 Factor 67
313 Unary_op 66
313 Bool 315
313 Rel 54
313 Array 55
313 Bool_value 61
311 Term 69
311 LExpr 70
311 HExpr 68
311 Factor 67
311 Unary_op 66
311 Bool 316
311 Rel 54
311 Array 55
311 Bool_value 61
308 Decl 17
308 Block 26
308 Assignment 22
308 Stmts 318
308 Type 14
308 Array 19
308 Stmt 28
